2014-11-26 14:29:13 4400 [Note] Plugin 'FEDERATED' is disabled.
2014-11-26 14:29:13 4400 [Note] InnoDB: The InnoDB memory heap is disabled
2014-11-26 14:29:13 4400 [Note] InnoDB: Mutexes and rw_locks use Windows interlocked functions
2014-11-26 14:29:13 4400 [Note] InnoDB: Compressed tables use zlib 1.2.3
2014-11-26 14:29:13 4400 [Note] InnoDB: Not using CPU crc32 instructions
2014-11-26 14:29:13 4400 [Note] InnoDB: Initializing buffer pool, size = 128.0M
2014-11-26 14:29:13 4400 [Note] InnoDB: Completed initialization of buffer pool
2014-11-26 14:29:13 4400 [Note] InnoDB: Setting log file C:\Users\11627\Desktop\USBWebserver v8.6\mysql\data\ib_logfile101 size to 5 MB
2014-11-26 14:29:13 4400 [Note] InnoDB: Setting log file C:\Users\11627\Desktop\USBWebserver v8.6\mysql\data\ib_logfile1 size to 5 MB
2014-11-26 14:29:14 4400 [Note] InnoDB: Renaming log file C:\Users\11627\Desktop\USBWebserver v8.6\mysql\data\ib_logfile101 to C:\Users\11627\Desktop\USBWebserver v8.6\mysql\data\ib_logfile0
2014-11-26 14:29:14 4400 [Warning] InnoDB: New log files created, LSN=1626134
2014-11-26 14:29:14 4400 [Note] InnoDB: Highest supported file format is Barracuda.
2014-11-26 14:29:14 4400 [Note] InnoDB: 128 rollback segment(s) are active.
2014-11-26 14:29:14 4400 [Note] InnoDB: Waiting for purge to start
2014-11-26 14:29:14 4400 [Note] InnoDB: 5.6.13 started; log sequence number 1626636
2014-11-26 14:29:14 4400 [Warning] No existing UUID has been found, so we assume that this is the first time that this server has been started. Generating a new UUID: 371debac-7570-11e4-85fd-f8bc12723497.
2014-11-26 14:29:15 4400 [Note] Server hostname (bind-address): '*'; port: 3307
2014-11-26 14:29:15 4400 [Note] IPv6 is available.
2014-11-26 14:29:15 4400 [Note]   - '::' resolves to '::';
2014-11-26 14:29:15 4400 [Note] Server socket created on IP: '::'.
2014-11-26 14:29:16 4400 [Note] Event Scheduler: Loaded 0 events
2014-11-26 14:29:16 4400 [Note] C:\Users\11627\Desktop\USBWebserver v8.6/mysql/bin/mysqld_usbwv8.exe: ready for connections.
Version: '5.6.13'  socket: ''  port: 3307  MySQL Community Server (GPL)
2014-11-27 13:25:55 5712 [Note] Plugin 'FEDERATED' is disabled.
2014-11-27 13:25:55 5712 [Note] InnoDB: The InnoDB memory heap is disabled
2014-11-27 13:25:55 5712 [Note] InnoDB: Mutexes and rw_locks use Windows interlocked functions
2014-11-27 13:25:55 5712 [Note] InnoDB: Compressed tables use zlib 1.2.3
2014-11-27 13:25:55 5712 [Note] InnoDB: Not using CPU crc32 instructions
2014-11-27 13:25:55 5712 [Note] InnoDB: Initializing buffer pool, size = 128.0M
2014-11-27 13:25:55 5712 [Note] InnoDB: Completed initialization of buffer pool
2014-11-27 13:25:55 5712 [Note] InnoDB: Highest supported file format is Barracuda.
2014-11-27 13:25:55 5712 [Note] InnoDB: The log sequence numbers 1626134 and 1626134 in ibdata files do not match the log sequence number 1672510 in the ib_logfiles!
2014-11-27 13:25:55 5712 [Note] InnoDB: Database was not shutdown normally!
2014-11-27 13:25:55 5712 [Note] InnoDB: Starting crash recovery.
2014-11-27 13:25:55 5712 [Note] InnoDB: Reading tablespace information from the .ibd files...
2014-11-27 13:25:55 5712 [Note] InnoDB: Restoring possible half-written data pages 
2014-11-27 13:25:55 5712 [Note] InnoDB: from the doublewrite buffer...
2014-11-27 13:25:56 5712 [Note] InnoDB: 128 rollback segment(s) are active.
2014-11-27 13:25:56 5712 [Note] InnoDB: Waiting for purge to start
2014-11-27 13:25:56 5712 [Note] InnoDB: 5.6.13 started; log sequence number 1672510
2014-11-27 13:25:56 5712 [Note] Server hostname (bind-address): '*'; port: 3307
2014-11-27 13:25:56 5712 [Note] IPv6 is available.
2014-11-27 13:25:56 5712 [Note]   - '::' resolves to '::';
2014-11-27 13:25:56 5712 [Note] Server socket created on IP: '::'.
2014-11-27 13:25:56 5712 [Note] Event Scheduler: Loaded 0 events
2014-11-27 13:25:56 5712 [Note] C:\Users\11627\Desktop\USBWebserver v8.6/mysql/bin/mysqld_usbwv8.exe: ready for connections.
Version: '5.6.13'  socket: ''  port: 3307  MySQL Community Server (GPL)
